<?xml version="1.0" encoding="UTF-8"?>
<!-- Generated by org.testng.reporters.JUnitReportReporter -->
<testsuite skipped="0" hostname="WS-TO-WP-5364" name="Seleniumpractice.SeleniumTest" tests="2" failures="0" timestamp="2020-01-27T10:23:54 EST" time="0.001" errors="0">
  <testcase name="BrowserAutomation" time="0.001" classname="Seleniumpractice.SeleniumTest"/>
  <testcase name="ElementsUI" time="0.000" classname="Seleniumpractice.SeleniumTest"/>
</testsuite> <!-- Seleniumpractice.SeleniumTest -->
