<?xml version="1.0" encoding="UTF-8"?>
<!-- Generated by org.testng.reporters.JUnitReportReporter -->
<testsuite skipped="0" hostname="WS-TO-WP-5364" name="Seleniumpractice.RESTAPITest" tests="2" failures="0" timestamp="2020-01-27T10:23:54 EST" time="0.005" errors="0">
  <testcase name="PostJira" time="0.000" classname="Seleniumpractice.RESTAPITest"/>
  <testcase name="DeleteTwitter" time="0.005" classname="Seleniumpractice.RESTAPITest"/>
</testsuite> <!-- Seleniumpractice.RESTAPITest -->
