<?xml version="1.0" encoding="UTF-8"?>
<!-- Generated by org.testng.reporters.JUnitReportReporter -->
<testsuite skipped="0" hostname="WS-TO-WP-5364" name="Seleniumpractice.AppiumTest" tests="2" failures="0" timestamp="2020-01-27T10:23:29 EST" time="0.006" errors="0">
  <testcase name="IOSApps" time="0.005" classname="Seleniumpractice.AppiumTest"/>
  <testcase name="NativeAppAndroid" time="0.001" classname="Seleniumpractice.AppiumTest"/>
</testsuite> <!-- Seleniumpractice.AppiumTest -->
